  main.cpp
C:\Users\Fabrizio\Documents\GitHub\Computacion-Grafica-2019-02\TP1\main.cpp(13,48): warning C4244:  'argument': conversion from 'double' to 'GLfloat', possible loss of data
C:\Users\Fabrizio\Documents\GitHub\Computacion-Grafica-2019-02\TP1\main.cpp(13,21): warning C4244:  'argument': conversion from 'double' to 'GLfloat', possible loss of data
C:\Users\Fabrizio\Documents\GitHub\Computacion-Grafica-2019-02\TP1\main.cpp(14,48): warning C4244:  'argument': conversion from 'double' to 'GLfloat', possible loss of data
C:\Users\Fabrizio\Documents\GitHub\Computacion-Grafica-2019-02\TP1\main.cpp(14,21): warning C4244:  'argument': conversion from 'double' to 'GLfloat', possible loss of data
C:\Users\Fabrizio\Documents\GitHub\Computacion-Grafica-2019-02\TP1\main.cpp(15,48): warning C4244:  'argument': conversion from 'double' to 'GLfloat', possible loss of data
C:\Users\Fabrizio\Documents\GitHub\Computacion-Grafica-2019-02\TP1\main.cpp(15,21): warning C4244:  'argument': conversion from 'double' to 'GLfloat', possible loss of data
C:\Users\Fabrizio\Documents\GitHub\Computacion-Grafica-2019-02\TP1\main.cpp(16,48): warning C4244:  'argument': conversion from 'double' to 'GLfloat', possible loss of data
C:\Users\Fabrizio\Documents\GitHub\Computacion-Grafica-2019-02\TP1\main.cpp(16,21): warning C4244:  'argument': conversion from 'double' to 'GLfloat', possible loss of data
C:\Users\Fabrizio\Documents\GitHub\Computacion-Grafica-2019-02\TP1\main.cpp(17,48): warning C4244:  'argument': conversion from 'double' to 'GLfloat', possible loss of data
C:\Users\Fabrizio\Documents\GitHub\Computacion-Grafica-2019-02\TP1\main.cpp(17,21): warning C4244:  'argument': conversion from 'double' to 'GLfloat', possible loss of data
C:\Users\Fabrizio\Documents\GitHub\Computacion-Grafica-2019-02\TP1\main.cpp(26,28): warning C4244:  'argument': conversion from 'double' to 'float', possible loss of data
C:\Users\Fabrizio\Documents\GitHub\Computacion-Grafica-2019-02\TP1\main.cpp(27,28): warning C4244:  'argument': conversion from 'double' to 'float', possible loss of data
C:\Users\Fabrizio\Documents\GitHub\Computacion-Grafica-2019-02\TP1\main.cpp(28,29): warning C4244:  'argument': conversion from 'double' to 'GLfloat', possible loss of data
C:\Users\Fabrizio\Documents\GitHub\Computacion-Grafica-2019-02\TP1\main.cpp(28,16): warning C4244:  'argument': conversion from 'double' to 'GLfloat', possible loss of data
main.obj : error LNK2019: unresolved external symbol __imp_glutInit referenced in function main
main.obj : error LNK2019: unresolved external symbol __imp_glutInitWindowPosition referenced in function main
main.obj : error LNK2019: unresolved external symbol __imp_glutInitWindowSize referenced in function main
main.obj : error LNK2019: unresolved external symbol __imp_glutInitDisplayMode referenced in function main
main.obj : error LNK2019: unresolved external symbol __imp_glutMainLoop referenced in function main
main.obj : error LNK2019: unresolved external symbol __imp_glutCreateWindow referenced in function main
main.obj : error LNK2019: unresolved external symbol __imp_glutSwapBuffers referenced in function "void __cdecl glPaint(void)" (?glPaint@@YAXXZ)
main.obj : error LNK2019: unresolved external symbol __imp_glutKeyboardFunc referenced in function main
main.obj : error LNK2019: unresolved external symbol __imp_glutReshapeFunc referenced in function main
main.obj : error LNK2019: unresolved external symbol __imp_glutDisplayFunc referenced in function main
C:\Users\Fabrizio\Documents\GitHub\Computacion-Grafica-2019-02\OpenGL\freeglut\lib\freeglut.lib : warning LNK4272: library machine type 'x86' conflicts with target machine type 'x64'
C:\Users\Fabrizio\Documents\GitHub\Computacion-Grafica-2019-02\OpenGL\glew-1.11.0\lib\glew32.lib : warning LNK4272: library machine type 'x86' conflicts with target machine type 'x64'
C:\Users\Fabrizio\Documents\GitHub\Computacion-Grafica-2019-02\TP1\x64\Debug\TP1.exe : fatal error LNK1120: 10 unresolved externals
